/info/etu/m1/s2203089/miniconda3/lib/python3.13/site-packages/xgboost/core.py:377: FutureWarning: Your system has an old version of glibc (< 2.28). We will stop supporting Linux distros with glibc older than 2.28 after **May 31, 2025**. Please upgrade to a recent Linux distro (with glibc >= 2.28) to use future versions of XGBoost.
Note: You have installed the 'manylinux2014' variant of XGBoost. Certain features such as GPU algorithms or federated learning are not available. To use these features, please upgrade to a recent Linux distro with glibc 2.28+, and install the 'manylinux_2_28' variant.
  warnings.warn(
/info/etu/m1/s2203089/miniconda3/lib/python3.13/site-packages/xgboost/core.py:377: FutureWarning: Your system has an old version of glibc (< 2.28). We will stop supporting Linux distros with glibc older than 2.28 after **May 31, 2025**. Please upgrade to a recent Linux distro (with glibc >= 2.28) to use future versions of XGBoost.
Note: You have installed the 'manylinux2014' variant of XGBoost. Certain features such as GPU algorithms or federated learning are not available. To use these features, please upgrade to a recent Linux distro with glibc 2.28+, and install the 'manylinux_2_28' variant.
  warnings.warn(
/info/etu/m1/s2203089/miniconda3/lib/python3.13/site-packages/xgboost/core.py:377: FutureWarning: Your system has an old version of glibc (< 2.28). We will stop supporting Linux distros with glibc older than 2.28 after **May 31, 2025**. Please upgrade to a recent Linux distro (with glibc >= 2.28) to use future versions of XGBoost.
Note: You have installed the 'manylinux2014' variant of XGBoost. Certain features such as GPU algorithms or federated learning are not available. To use these features, please upgrade to a recent Linux distro with glibc 2.28+, and install the 'manylinux_2_28' variant.
  warnings.warn(
/info/etu/m1/s2203089/miniconda3/lib/python3.13/site-packages/sklearn/linear_model/_logistic.py:1296: FutureWarning: Using the 'liblinear' solver for multiclass classification is deprecated. An error will be raised in 1.8. Either use another solver which supports the multinomial loss or wrap the estimator in a OneVsRestClassifier to keep applying a one-versus-rest scheme.
  warnings.warn(
/info/etu/m1/s2203089/miniconda3/lib/python3.13/site-packages/sklearn/linear_model/_logistic.py:1296: FutureWarning: Using the 'liblinear' solver for multiclass classification is deprecated. An error will be raised in 1.8. Either use another solver which supports the multinomial loss or wrap the estimator in a OneVsRestClassifier to keep applying a one-versus-rest scheme.
  warnings.warn(
/info/etu/m1/s2203089/miniconda3/lib/python3.13/site-packages/sklearn/linear_model/_logistic.py:1296: FutureWarning: Using the 'liblinear' solver for multiclass classification is deprecated. An error will be raised in 1.8. Either use another solver which supports the multinomial loss or wrap the estimator in a OneVsRestClassifier to keep applying a one-versus-rest scheme.
  warnings.warn(
/info/etu/m1/s2203089/miniconda3/lib/python3.13/site-packages/sklearn/linear_model/_logistic.py:1296: FutureWarning: Using the 'liblinear' solver for multiclass classification is deprecated. An error will be raised in 1.8. Either use another solver which supports the multinomial loss or wrap the estimator in a OneVsRestClassifier to keep applying a one-versus-rest scheme.
  warnings.warn(
/info/etu/m1/s2203089/miniconda3/lib/python3.13/site-packages/sklearn/linear_model/_logistic.py:1296: FutureWarning: Using the 'liblinear' solver for multiclass classification is deprecated. An error will be raised in 1.8. Either use another solver which supports the multinomial loss or wrap the estimator in a OneVsRestClassifier to keep applying a one-versus-rest scheme.
  warnings.warn(
/info/etu/m1/s2203089/miniconda3/lib/python3.13/site-packages/sklearn/linear_model/_logistic.py:1296: FutureWarning: Using the 'liblinear' solver for multiclass classification is deprecated. An error will be raised in 1.8. Either use another solver which supports the multinomial loss or wrap the estimator in a OneVsRestClassifier to keep applying a one-versus-rest scheme.
  warnings.warn(
/info/etu/m1/s2203089/miniconda3/lib/python3.13/site-packages/sklearn/linear_model/_logistic.py:1296: FutureWarning: Using the 'liblinear' solver for multiclass classification is deprecated. An error will be raised in 1.8. Either use another solver which supports the multinomial loss or wrap the estimator in a OneVsRestClassifier to keep applying a one-versus-rest scheme.
  warnings.warn(
/info/etu/m1/s2203089/miniconda3/lib/python3.13/site-packages/sklearn/linear_model/_logistic.py:1296: FutureWarning: Using the 'liblinear' solver for multiclass classification is deprecated. An error will be raised in 1.8. Either use another solver which supports the multinomial loss or wrap the estimator in a OneVsRestClassifier to keep applying a one-versus-rest scheme.
  warnings.warn(
/info/etu/m1/s2203089/miniconda3/lib/python3.13/site-packages/sklearn/linear_model/_logistic.py:1296: FutureWarning: Using the 'liblinear' solver for multiclass classification is deprecated. An error will be raised in 1.8. Either use another solver which supports the multinomial loss or wrap the estimator in a OneVsRestClassifier to keep applying a one-versus-rest scheme.
  warnings.warn(
/info/etu/m1/s2203089/miniconda3/lib/python3.13/site-packages/sklearn/linear_model/_logistic.py:1296: FutureWarning: Using the 'liblinear' solver for multiclass classification is deprecated. An error will be raised in 1.8. Either use another solver which supports the multinomial loss or wrap the estimator in a OneVsRestClassifier to keep applying a one-versus-rest scheme.
  warnings.warn(
/info/etu/m1/s2203089/miniconda3/lib/python3.13/site-packages/sklearn/linear_model/_logistic.py:1296: FutureWarning: Using the 'liblinear' solver for multiclass classification is deprecated. An error will be raised in 1.8. Either use another solver which supports the multinomial loss or wrap the estimator in a OneVsRestClassifier to keep applying a one-versus-rest scheme.
  warnings.warn(
/info/etu/m1/s2203089/miniconda3/lib/python3.13/site-packages/sklearn/linear_model/_logistic.py:1296: FutureWarning: Using the 'liblinear' solver for multiclass classification is deprecated. An error will be raised in 1.8. Either use another solver which supports the multinomial loss or wrap the estimator in a OneVsRestClassifier to keep applying a one-versus-rest scheme.
  warnings.warn(
/info/etu/m1/s2203089/miniconda3/lib/python3.13/site-packages/sklearn/linear_model/_logistic.py:1296: FutureWarning: Using the 'liblinear' solver for multiclass classification is deprecated. An error will be raised in 1.8. Either use another solver which supports the multinomial loss or wrap the estimator in a OneVsRestClassifier to keep applying a one-versus-rest scheme.
  warnings.warn(
/info/etu/m1/s2203089/miniconda3/lib/python3.13/site-packages/sklearn/linear_model/_logistic.py:1296: FutureWarning: Using the 'liblinear' solver for multiclass classification is deprecated. An error will be raised in 1.8. Either use another solver which supports the multinomial loss or wrap the estimator in a OneVsRestClassifier to keep applying a one-versus-rest scheme.
  warnings.warn(
/info/etu/m1/s2203089/miniconda3/lib/python3.13/site-packages/sklearn/linear_model/_logistic.py:1296: FutureWarning: Using the 'liblinear' solver for multiclass classification is deprecated. An error will be raised in 1.8. Either use another solver which supports the multinomial loss or wrap the estimator in a OneVsRestClassifier to keep applying a one-versus-rest scheme.
  warnings.warn(
/info/etu/m1/s2203089/miniconda3/lib/python3.13/site-packages/sklearn/linear_model/_logistic.py:1296: FutureWarning: Using the 'liblinear' solver for multiclass classification is deprecated. An error will be raised in 1.8. Either use another solver which supports the multinomial loss or wrap the estimator in a OneVsRestClassifier to keep applying a one-versus-rest scheme.
  warnings.warn(
/info/etu/m1/s2203089/miniconda3/lib/python3.13/site-packages/sklearn/linear_model/_logistic.py:1296: FutureWarning: Using the 'liblinear' solver for multiclass classification is deprecated. An error will be raised in 1.8. Either use another solver which supports the multinomial loss or wrap the estimator in a OneVsRestClassifier to keep applying a one-versus-rest scheme.
  warnings.warn(
/info/etu/m1/s2203089/miniconda3/lib/python3.13/site-packages/sklearn/linear_model/_logistic.py:1296: FutureWarning: Using the 'liblinear' solver for multiclass classification is deprecated. An error will be raised in 1.8. Either use another solver which supports the multinomial loss or wrap the estimator in a OneVsRestClassifier to keep applying a one-versus-rest scheme.
  warnings.warn(
/info/etu/m1/s2203089/miniconda3/lib/python3.13/site-packages/sklearn/linear_model/_logistic.py:1296: FutureWarning: Using the 'liblinear' solver for multiclass classification is deprecated. An error will be raised in 1.8. Either use another solver which supports the multinomial loss or wrap the estimator in a OneVsRestClassifier to keep applying a one-versus-rest scheme.
  warnings.warn(
/info/etu/m1/s2203089/miniconda3/lib/python3.13/site-packages/sklearn/linear_model/_logistic.py:1296: FutureWarning: Using the 'liblinear' solver for multiclass classification is deprecated. An error will be raised in 1.8. Either use another solver which supports the multinomial loss or wrap the estimator in a OneVsRestClassifier to keep applying a one-versus-rest scheme.
  warnings.warn(
/info/etu/m1/s2203089/miniconda3/lib/python3.13/site-packages/sklearn/linear_model/_logistic.py:1296: FutureWarning: Using the 'liblinear' solver for multiclass classification is deprecated. An error will be raised in 1.8. Either use another solver which supports the multinomial loss or wrap the estimator in a OneVsRestClassifier to keep applying a one-versus-rest scheme.
  warnings.warn(
/info/etu/m1/s2203089/miniconda3/lib/python3.13/site-packages/sklearn/linear_model/_logistic.py:1296: FutureWarning: Using the 'liblinear' solver for multiclass classification is deprecated. An error will be raised in 1.8. Either use another solver which supports the multinomial loss or wrap the estimator in a OneVsRestClassifier to keep applying a one-versus-rest scheme.
  warnings.warn(
/info/etu/m1/s2203089/miniconda3/lib/python3.13/site-packages/sklearn/linear_model/_logistic.py:1296: FutureWarning: Using the 'liblinear' solver for multiclass classification is deprecated. An error will be raised in 1.8. Either use another solver which supports the multinomial loss or wrap the estimator in a OneVsRestClassifier to keep applying a one-versus-rest scheme.
  warnings.warn(
/info/etu/m1/s2203089/miniconda3/lib/python3.13/site-packages/sklearn/linear_model/_logistic.py:1296: FutureWarning: Using the 'liblinear' solver for multiclass classification is deprecated. An error will be raised in 1.8. Either use another solver which supports the multinomial loss or wrap the estimator in a OneVsRestClassifier to keep applying a one-versus-rest scheme.
  warnings.warn(
/info/etu/m1/s2203089/miniconda3/lib/python3.13/site-packages/sklearn/linear_model/_logistic.py:1296: FutureWarning: Using the 'liblinear' solver for multiclass classification is deprecated. An error will be raised in 1.8. Either use another solver which supports the multinomial loss or wrap the estimator in a OneVsRestClassifier to keep applying a one-versus-rest scheme.
  warnings.warn(
/info/etu/m1/s2203089/miniconda3/lib/python3.13/site-packages/sklearn/linear_model/_logistic.py:1296: FutureWarning: Using the 'liblinear' solver for multiclass classification is deprecated. An error will be raised in 1.8. Either use another solver which supports the multinomial loss or wrap the estimator in a OneVsRestClassifier to keep applying a one-versus-rest scheme.
  warnings.warn(
/info/etu/m1/s2203089/miniconda3/lib/python3.13/site-packages/sklearn/linear_model/_logistic.py:1296: FutureWarning: Using the 'liblinear' solver for multiclass classification is deprecated. An error will be raised in 1.8. Either use another solver which supports the multinomial loss or wrap the estimator in a OneVsRestClassifier to keep applying a one-versus-rest scheme.
  warnings.warn(
/info/etu/m1/s2203089/miniconda3/lib/python3.13/site-packages/sklearn/linear_model/_logistic.py:1296: FutureWarning: Using the 'liblinear' solver for multiclass classification is deprecated. An error will be raised in 1.8. Either use another solver which supports the multinomial loss or wrap the estimator in a OneVsRestClassifier to keep applying a one-versus-rest scheme.
  warnings.warn(
/info/etu/m1/s2203089/miniconda3/lib/python3.13/site-packages/sklearn/linear_model/_logistic.py:1296: FutureWarning: Using the 'liblinear' solver for multiclass classification is deprecated. An error will be raised in 1.8. Either use another solver which supports the multinomial loss or wrap the estimator in a OneVsRestClassifier to keep applying a one-versus-rest scheme.
  warnings.warn(
/info/etu/m1/s2203089/miniconda3/lib/python3.13/site-packages/sklearn/linear_model/_logistic.py:1296: FutureWarning: Using the 'liblinear' solver for multiclass classification is deprecated. An error will be raised in 1.8. Either use another solver which supports the multinomial loss or wrap the estimator in a OneVsRestClassifier to keep applying a one-versus-rest scheme.
  warnings.warn(
/info/etu/m1/s2203089/miniconda3/lib/python3.13/site-packages/sklearn/linear_model/_logistic.py:1296: FutureWarning: Using the 'liblinear' solver for multiclass classification is deprecated. An error will be raised in 1.8. Either use another solver which supports the multinomial loss or wrap the estimator in a OneVsRestClassifier to keep applying a one-versus-rest scheme.
  warnings.warn(
/info/etu/m1/s2203089/miniconda3/lib/python3.13/site-packages/sklearn/linear_model/_logistic.py:1296: FutureWarning: Using the 'liblinear' solver for multiclass classification is deprecated. An error will be raised in 1.8. Either use another solver which supports the multinomial loss or wrap the estimator in a OneVsRestClassifier to keep applying a one-versus-rest scheme.
  warnings.warn(
/info/etu/m1/s2203089/miniconda3/lib/python3.13/site-packages/sklearn/linear_model/_logistic.py:1296: FutureWarning: Using the 'liblinear' solver for multiclass classification is deprecated. An error will be raised in 1.8. Either use another solver which supports the multinomial loss or wrap the estimator in a OneVsRestClassifier to keep applying a one-versus-rest scheme.
  warnings.warn(
/info/etu/m1/s2203089/miniconda3/lib/python3.13/site-packages/sklearn/linear_model/_logistic.py:1296: FutureWarning: Using the 'liblinear' solver for multiclass classification is deprecated. An error will be raised in 1.8. Either use another solver which supports the multinomial loss or wrap the estimator in a OneVsRestClassifier to keep applying a one-versus-rest scheme.
  warnings.warn(
/info/etu/m1/s2203089/miniconda3/lib/python3.13/site-packages/sklearn/linear_model/_logistic.py:1296: FutureWarning: Using the 'liblinear' solver for multiclass classification is deprecated. An error will be raised in 1.8. Either use another solver which supports the multinomial loss or wrap the estimator in a OneVsRestClassifier to keep applying a one-versus-rest scheme.
  warnings.warn(
/info/etu/m1/s2203089/miniconda3/lib/python3.13/site-packages/sklearn/linear_model/_logistic.py:1296: FutureWarning: Using the 'liblinear' solver for multiclass classification is deprecated. An error will be raised in 1.8. Either use another solver which supports the multinomial loss or wrap the estimator in a OneVsRestClassifier to keep applying a one-versus-rest scheme.
  warnings.warn(
/info/etu/m1/s2203089/miniconda3/lib/python3.13/site-packages/sklearn/linear_model/_logistic.py:1296: FutureWarning: Using the 'liblinear' solver for multiclass classification is deprecated. An error will be raised in 1.8. Either use another solver which supports the multinomial loss or wrap the estimator in a OneVsRestClassifier to keep applying a one-versus-rest scheme.
  warnings.warn(
/info/etu/m1/s2203089/miniconda3/lib/python3.13/site-packages/sklearn/linear_model/_logistic.py:1296: FutureWarning: Using the 'liblinear' solver for multiclass classification is deprecated. An error will be raised in 1.8. Either use another solver which supports the multinomial loss or wrap the estimator in a OneVsRestClassifier to keep applying a one-versus-rest scheme.
  warnings.warn(
/info/etu/m1/s2203089/miniconda3/lib/python3.13/site-packages/sklearn/linear_model/_logistic.py:1296: FutureWarning: Using the 'liblinear' solver for multiclass classification is deprecated. An error will be raised in 1.8. Either use another solver which supports the multinomial loss or wrap the estimator in a OneVsRestClassifier to keep applying a one-versus-rest scheme.
  warnings.warn(
slurmstepd-gpue02: error: *** JOB 261350 ON gpue02 CANCELLED AT 2026-02-05T21:06:18 ***
